<?xml version="1.0" encoding="UTF-8" ?>
<testsuite tests="6" failures="0" name="mineplex.core.lifetimes.PhasedLifetimeTest" time="0.041" errors="0" skipped="0">
  <properties>
[...]
</properties>
  <testcase classname="mineplex.core.lifetimes.PhasedLifetimeTest" name="testTwoPhaseComponent" time="0.041"/>
  <testcase classname="mineplex.core.lifetimes.PhasedLifetimeTest" name="testEarlyShutdown" time="0"/>
  <testcase classname="mineplex.core.lifetimes.PhasedLifetimeTest" name="testLateRegistration" time="0"/>
  <testcase classname="mineplex.core.lifetimes.PhasedLifetimeTest" name="testGlobalComponent" time="0"/>
  <testcase classname="mineplex.core.lifetimes.PhasedLifetimeTest" name="testSinglePhase" time="0"/>
  <testcase classname="mineplex.core.lifetimes.PhasedLifetimeTest" name="testComponentLifetimes" time="0"/>
</testsuite>